2018-06-22 09:47:42.130 [main] INFO  com.dcits.patchtools.svn.TestBase - interface java.util.Map
2018-06-22 09:48:00.572 [main] INFO  c.dcits.patchtools.svn.service.impl.SvnServiceImpl - 从SVN服务端获取日志记录...
2018-06-22 09:48:01.164 [main] INFO  com.dcits.patchtools.svn.dao.SvnDao - svn: E180001: Unable to open repository 'file:///D:/MyWorkSpace/chongqing/svn_repo'
svn: E180001: Unable to connect to a repository at URL 'file:///D:/MyWorkSpace/chongqing/svn_repo'
svn: E180001: Unable to open repository 'file:///D:/MyWorkSpace/chongqing/svn_repo'
2018-06-22 09:48:01.164 [main] INFO  c.d.patchtools.svn.service.impl.PatchServiceImpl - 开始生成增量清单...
2018-06-22 09:48:01.193 [main] INFO  com.dcits.patchtools.svn.util.XmlUtil - nullpatchInfoFile\20180622_0-E_patchInfo.xml
2018-06-22 09:48:01.193 [main] INFO  com.dcits.patchtools.svn.util.XmlUtil - 增量清单生成失败！
2018-06-22 09:48:01.194 [main] INFO  c.d.patchtools.svn.service.impl.PatchServiceImpl - 开始生成送测清单...
2018-06-22 09:48:01.195 [main] INFO  com.dcits.patchtools.svn.util.ExcelUtil - nullpatchInfoFile\送测清单_0-E_20180622094801_patchInfo.xlsx
2018-06-22 09:48:01.741 [main] INFO  com.dcits.patchtools.svn.util.ExcelUtil - 送测清单生成失败！
2018-06-22 09:52:07.276 [main] INFO  c.dcits.patchtools.svn.service.impl.SvnServiceImpl - 从SVN服务端获取日志记录...
2018-06-22 09:52:07.915 [main] INFO  com.dcits.patchtools.svn.dao.SvnDao - svn: E180001: Unable to open repository 'file:///E:/SVN_YB/LV/SmartBranch7'
svn: E180001: Unable to connect to a repository at URL 'file:///E:/SVN_YB/LV/SmartBranch7'
svn: E180001: Unable to open repository 'file:///E:/SVN_YB/LV/SmartBranch7'
2018-06-22 09:52:07.916 [main] INFO  c.d.patchtools.svn.service.impl.PatchServiceImpl - 开始生成增量清单...
2018-06-22 09:52:07.937 [main] INFO  com.dcits.patchtools.svn.util.XmlUtil - nullpatchInfoFile\20180622_0-E_patchInfo.xml
2018-06-22 09:52:07.937 [main] INFO  com.dcits.patchtools.svn.util.XmlUtil - 增量清单生成失败！
2018-06-22 09:52:07.938 [main] INFO  c.d.patchtools.svn.service.impl.PatchServiceImpl - 开始生成送测清单...
2018-06-22 09:52:07.940 [main] INFO  com.dcits.patchtools.svn.util.ExcelUtil - nullpatchInfoFile\送测清单_0-E_20180622095207_patchInfo.xlsx
2018-06-22 09:52:08.401 [main] INFO  com.dcits.patchtools.svn.util.ExcelUtil - 送测清单生成失败！
2018-06-22 10:04:38.190 [main] INFO  c.dcits.patchtools.svn.service.impl.SvnServiceImpl - 从SVN服务端获取日志记录...
2018-06-22 10:04:39.899 [main] INFO  com.dcits.patchtools.svn.dao.SvnDao - 当前抽取增量版本号区间为：v0 - v2
2018-06-22 10:07:08.129 [main] INFO  c.d.patchtools.svn.service.impl.PatchServiceImpl - 开始生成增量清单...
2018-06-22 10:07:08.173 [main] INFO  com.dcits.patchtools.svn.util.XmlUtil - nullpatchInfoFile\20180622_0-E_patchInfo.xml
2018-06-22 10:07:08.173 [main] INFO  com.dcits.patchtools.svn.util.XmlUtil - 增量清单生成失败！
2018-06-22 10:07:08.174 [main] INFO  c.d.patchtools.svn.service.impl.PatchServiceImpl - 开始生成送测清单...
2018-06-22 10:07:08.175 [main] INFO  com.dcits.patchtools.svn.util.ExcelUtil - nullpatchInfoFile\送测清单_0-E_20180622100708_patchInfo.xlsx
2018-06-22 10:07:29.549 [main] INFO  c.dcits.patchtools.svn.service.impl.SvnServiceImpl - 从SVN服务端获取日志记录...
2018-06-22 10:07:31.223 [main] INFO  com.dcits.patchtools.svn.dao.SvnDao - 当前抽取增量版本号区间为：v0 - v2
2018-06-22 10:12:31.164 [main] INFO  c.d.patchtools.svn.service.impl.PatchServiceImpl - 开始生成增量清单...
2018-06-22 10:35:44.060 [main] INFO  com.dcits.patchtools.svn.util.XmlUtil - nullpatchInfoFile\20180622_0-E_patchInfo.xml
2018-06-22 10:35:44.062 [main] INFO  com.dcits.patchtools.svn.util.XmlUtil - 增量清单生成失败！
2018-06-22 10:35:44.065 [main] INFO  c.d.patchtools.svn.service.impl.PatchServiceImpl - 开始生成送测清单...
2018-06-22 10:35:44.068 [main] INFO  com.dcits.patchtools.svn.util.ExcelUtil - nullpatchInfoFile\送测清单_0-E_20180622103544_patchInfo.xlsx
2018-06-22 11:25:58.926 [main] INFO  com.dcits.patchtools.svn.TestBase - [SmartTeller9\tran\function\4D.jar]
2018-06-22 11:27:23.666 [main] INFO  com.dcits.patchtools.svn.TestBase - [SmartTeller9\tran\function\4D.jar]
2018-06-22 11:27:23.685 [main] INFO  com.dcits.patchtools.svn.TestBase - [SmartTeller9\tran\function\4D.jar]
2018-06-22 11:27:23.715 [main] INFO  com.dcits.patchtools.svn.TestBase - [SmartTeller9\tran\function\4D.jar]
2018-06-22 11:27:41.738 [main] INFO  com.dcits.patchtools.svn.TestBase - [SmartTeller9\tran\4D\4254.jar]
2018-06-22 11:31:22.982 [main] INFO  com.dcits.patchtools.svn.TestBase - [SmartTeller9\tran\4D\4254.jar]
2018-06-22 11:32:04.014 [main] INFO  com.dcits.patchtools.svn.TestBase - [SmartTeller9\tran\4D\4254.jar]
2018-06-22 11:33:48.522 [main] INFO  com.dcits.patchtools.svn.TestBase - [SmartTeller9\tran\4D\4254.jar]
2018-06-22 11:35:08.930 [main] INFO  com.dcits.patchtools.svn.TestBase - [SmartTeller9\tran\3D\3252.jar, SmartTeller9\tran\4D\4254.jar]
2018-06-22 11:59:56.902 [main] INFO  com.dcits.patchtools.svn.util.TellerUtil - fileFullName:d://app_temp.txt
2018-06-22 12:00:42.894 [main] INFO  com.dcits.patchtools.svn.util.TellerUtil - fileFullName:d://app_temp.txt
2018-06-22 17:29:37.143 [main] INFO  c.dcits.patchtools.svn.service.impl.SvnServiceImpl - 从SVN服务端获取日志记录...
2018-06-22 17:29:37.710 [main] INFO  com.dcits.patchtools.svn.dao.SvnDao - svn: E180001: Unable to open repository 'file:///D:/MyWorkSpace/chongqing/svn_repo'
svn: E180001: Unable to connect to a repository at URL 'file:///D:/MyWorkSpace/chongqing/svn_repo'
svn: E180001: Unable to open repository 'file:///D:/MyWorkSpace/chongqing/svn_repo'
2018-06-22 17:29:37.710 [main] INFO  c.d.patchtools.svn.service.impl.PatchServiceImpl - 开始生成增量清单...
2018-06-22 17:29:37.734 [main] INFO  com.dcits.patchtools.svn.util.XmlUtil - nullpatchInfoFile\20180622_0-E_patchInfo.xml
2018-06-22 17:29:37.735 [main] INFO  com.dcits.patchtools.svn.util.XmlUtil - 增量清单生成失败！
2018-06-22 17:29:37.736 [main] INFO  c.d.patchtools.svn.service.impl.PatchServiceImpl - 开始生成送测清单...
2018-06-22 17:29:37.737 [main] INFO  com.dcits.patchtools.svn.util.ExcelUtil - nullpatchInfoFile\送测清单_0-E_20180622172937_patchInfo.xlsx
2018-06-22 17:29:38.292 [main] INFO  com.dcits.patchtools.svn.util.ExcelUtil - 送测清单生成失败！
2018-06-22 17:29:38.293 [main] INFO  c.d.patchtools.svn.service.impl.PatchServiceImpl - 开始TELLER抽取增量判断...
2018-06-22 17:29:38.294 [main] INFO  com.dcits.patchtools.svn.util.TellerUtil - fileFullName:nullpatchInfoFile/RUNALL/app_20180622.txt
2018-06-22 17:29:38.294 [main] INFO  com.dcits.patchtools.svn.util.TellerUtil - 解析后清单数目: 0
2018-06-22 17:30:46.504 [main] INFO  c.dcits.patchtools.svn.service.impl.SvnServiceImpl - 从SVN服务端获取日志记录...
2018-06-22 17:30:46.991 [main] INFO  com.dcits.patchtools.svn.dao.SvnDao - svn: E180001: Unable to open repository 'file:///D:/MyWorkSpace/chongqing/svn_repo'
svn: E180001: Unable to connect to a repository at URL 'file:///D:/MyWorkSpace/chongqing/svn_repo'
svn: E180001: Unable to open repository 'file:///D:/MyWorkSpace/chongqing/svn_repo'
2018-06-22 17:30:46.992 [main] INFO  c.d.patchtools.svn.service.impl.PatchServiceImpl - 开始生成增量清单...
2018-06-22 17:30:47.020 [main] INFO  com.dcits.patchtools.svn.util.XmlUtil - nullpatchInfoFile\20180622_0-E_patchInfo.xml
2018-06-22 17:30:47.021 [main] INFO  com.dcits.patchtools.svn.util.XmlUtil - 增量清单生成失败！
2018-06-22 17:30:47.023 [main] INFO  c.d.patchtools.svn.service.impl.PatchServiceImpl - 开始生成送测清单...
2018-06-22 17:30:47.024 [main] INFO  com.dcits.patchtools.svn.util.ExcelUtil - nullpatchInfoFile\送测清单_0-E_20180622173047_patchInfo.xlsx
2018-06-22 17:30:47.510 [main] INFO  com.dcits.patchtools.svn.util.ExcelUtil - 送测清单生成失败！
2018-06-22 17:30:47.511 [main] INFO  c.d.patchtools.svn.service.impl.PatchServiceImpl - 开始TELLER抽取增量判断...
2018-06-22 17:30:47.511 [main] INFO  com.dcits.patchtools.svn.util.TellerUtil - fileFullName:nullpatchInfoFile/RUNALL/app_20180622.txt
2018-06-22 17:30:47.512 [main] INFO  com.dcits.patchtools.svn.util.TellerUtil - 解析后清单数目: 0
2018-06-22 17:31:51.370 [main] INFO  c.dcits.patchtools.svn.service.impl.SvnServiceImpl - 从SVN服务端获取日志记录...
2018-06-22 17:31:52.222 [main] INFO  com.dcits.patchtools.svn.dao.SvnDao - 当前抽取增量版本号区间为：v0 - v2
2018-06-22 17:31:52.222 [main] INFO  c.d.patchtools.svn.service.impl.PatchServiceImpl - 开始生成增量清单...
2018-06-22 17:31:52.247 [main] INFO  com.dcits.patchtools.svn.util.XmlUtil - nullpatchInfoFile\20180622_0-E_patchInfo.xml
2018-06-22 17:31:52.247 [main] INFO  com.dcits.patchtools.svn.util.XmlUtil - 增量清单生成失败！
2018-06-22 17:31:52.248 [main] INFO  c.d.patchtools.svn.service.impl.PatchServiceImpl - 开始生成送测清单...
2018-06-22 17:31:52.249 [main] INFO  com.dcits.patchtools.svn.util.ExcelUtil - nullpatchInfoFile\送测清单_0-E_20180622173152_patchInfo.xlsx
2018-06-22 17:31:52.724 [main] INFO  com.dcits.patchtools.svn.util.ExcelUtil - 送测清单生成失败！
2018-06-22 17:31:52.726 [main] INFO  c.d.patchtools.svn.service.impl.PatchServiceImpl - 开始TELLER抽取增量判断...
2018-06-22 17:31:52.727 [main] INFO  com.dcits.patchtools.svn.util.TellerUtil - fileFullName:nullpatchInfoFile/RUNALL/app_20180622.txt
2018-06-22 17:31:52.727 [main] INFO  com.dcits.patchtools.svn.util.TellerUtil - 解析后清单数目: 1
2018-06-22 17:31:52.729 [main] INFO  com.dcits.patchtools.svn.util.FileUtil - nullpatchInfoFile\RUNALL\app_20180622.txt (系统找不到指定的路径。) : null
2018-06-22 17:34:10.167 [main] INFO  c.dcits.patchtools.svn.service.impl.SvnServiceImpl - 从SVN服务端获取日志记录...
2018-06-22 17:34:11.001 [main] INFO  com.dcits.patchtools.svn.dao.SvnDao - 当前抽取增量版本号区间为：v0 - v2
2018-06-22 17:34:11.002 [main] INFO  c.d.patchtools.svn.service.impl.PatchServiceImpl - 开始生成增量清单...
2018-06-22 17:34:11.028 [main] INFO  com.dcits.patchtools.svn.util.XmlUtil - nullpatchInfoFile\20180622_0-E_patchInfo.xml
2018-06-22 17:34:11.028 [main] INFO  com.dcits.patchtools.svn.util.XmlUtil - 增量清单生成失败！
2018-06-22 17:34:11.029 [main] INFO  c.d.patchtools.svn.service.impl.PatchServiceImpl - 开始生成送测清单...
2018-06-22 17:34:11.030 [main] INFO  com.dcits.patchtools.svn.util.ExcelUtil - nullpatchInfoFile\送测清单_0-E_20180622173411_patchInfo.xlsx
2018-06-22 17:34:11.532 [main] INFO  com.dcits.patchtools.svn.util.ExcelUtil - 送测清单生成失败！
2018-06-22 17:34:11.533 [main] INFO  c.d.patchtools.svn.service.impl.PatchServiceImpl - 开始TELLER抽取增量判断...
2018-06-22 17:34:11.534 [main] INFO  com.dcits.patchtools.svn.util.TellerUtil - fileFullName:nullpatchInfoFile/RUNALL/app_20180622.txt
2018-06-22 17:34:11.535 [main] INFO  com.dcits.patchtools.svn.util.TellerUtil - 解析后清单数目: 1
2018-06-22 17:34:11.536 [main] INFO  com.dcits.patchtools.svn.util.FileUtil - nullpatchInfoFile\RUNALL\app_20180622.txt (系统找不到指定的路径。) : null
2018-06-22 17:48:46.133 [main] INFO  c.dcits.patchtools.svn.service.impl.SvnServiceImpl - 从SVN服务端获取日志记录...
2018-06-22 17:48:54.957 [main] INFO  com.dcits.patchtools.svn.dao.SvnDao - 当前抽取增量版本号区间为：v0 - v2
2018-06-22 17:51:24.409 [main] INFO  c.d.patchtools.svn.service.impl.PatchServiceImpl - 开始生成增量清单...
2018-06-22 17:51:24.464 [main] INFO  com.dcits.patchtools.svn.util.XmlUtil - nullpatchInfoFile\20180622_0-E_patchInfo.xml
2018-06-22 17:51:24.465 [main] INFO  com.dcits.patchtools.svn.util.XmlUtil - 增量清单生成失败！
2018-06-22 17:51:24.466 [main] INFO  c.d.patchtools.svn.service.impl.PatchServiceImpl - 开始生成送测清单...
2018-06-22 17:51:24.468 [main] INFO  com.dcits.patchtools.svn.util.ExcelUtil - nullpatchInfoFile\送测清单_0-E_20180622175124_patchInfo.xlsx
2018-06-22 18:00:23.353 [main] INFO  c.dcits.patchtools.svn.service.impl.SvnServiceImpl - 从SVN服务端获取日志记录...
2018-06-22 18:03:42.992 [main] INFO  com.dcits.patchtools.svn.dao.SvnDao - 当前抽取增量版本号区间为：v0 - v2
2018-06-22 18:03:51.073 [main] INFO  c.d.patchtools.svn.service.impl.PatchServiceImpl - 开始生成增量清单...
2018-06-22 18:03:51.128 [main] INFO  com.dcits.patchtools.svn.util.XmlUtil - nullpatchInfoFile\20180622_0-E_patchInfo.xml
2018-06-22 18:03:51.128 [main] INFO  com.dcits.patchtools.svn.util.XmlUtil - 增量清单生成失败！
2018-06-22 18:03:51.129 [main] INFO  c.d.patchtools.svn.service.impl.PatchServiceImpl - 开始生成送测清单...
2018-06-22 18:03:51.131 [main] INFO  com.dcits.patchtools.svn.util.ExcelUtil - nullpatchInfoFile\送测清单_0-E_20180622180351_patchInfo.xlsx
2018-06-22 18:03:58.621 [main] INFO  c.dcits.patchtools.svn.service.impl.SvnServiceImpl - 从SVN服务端获取日志记录...
2018-06-22 18:04:04.067 [main] INFO  com.dcits.patchtools.svn.dao.SvnDao - 当前抽取增量版本号区间为：v0 - v2
2018-06-22 18:04:34.465 [main] INFO  c.dcits.patchtools.svn.service.impl.SvnServiceImpl - 从SVN服务端获取日志记录...
2018-06-22 18:04:38.368 [main] INFO  com.dcits.patchtools.svn.dao.SvnDao - 当前抽取增量版本号区间为：v0 - v2
2018-06-22 18:05:17.233 [main] INFO  c.d.patchtools.svn.service.impl.PatchServiceImpl - 开始生成增量清单...
2018-06-22 18:05:17.274 [main] INFO  com.dcits.patchtools.svn.util.XmlUtil - nullpatchInfoFile\20180622_0-E_patchInfo.xml
2018-06-22 18:05:17.274 [main] INFO  com.dcits.patchtools.svn.util.XmlUtil - 增量清单生成失败！
2018-06-22 18:05:17.276 [main] INFO  c.d.patchtools.svn.service.impl.PatchServiceImpl - 开始生成送测清单...
2018-06-22 18:05:17.278 [main] INFO  com.dcits.patchtools.svn.util.ExcelUtil - nullpatchInfoFile\送测清单_0-E_20180622180517_patchInfo.xlsx
2018-06-22 21:26:10.152 [main] INFO  com.dcits.patchtools.svn.util.TellerUtil - fileFullName:d://app_20180622.txt
2018-06-22 21:26:10.156 [main] INFO  com.dcits.patchtools.svn.util.TellerUtil - 解析后清单数目: 2
2018-06-22 21:26:46.747 [main] INFO  com.dcits.patchtools.svn.util.TellerUtil - fileFullName:d://app_20180622.txt
2018-06-22 21:26:46.752 [main] INFO  com.dcits.patchtools.svn.util.TellerUtil - 解析后清单数目: 2
